androidvolleymaster/build/outputs/logs/manifest-merger-debug-report.txt
-- Merging decision tree log ---
manifest
ADDED from src/main/AndroidManifest.xml:2:1-13:12
INJECTED from src/main/AndroidManifest.xml:2:1-13:12
INJECTED from src/main/AndroidManifest.xml:2:1-13:12
INJECTED from src/main/AndroidManifest.xml:2:1-13:12
INJECTED from src/main/AndroidManifest.xml:2:1-13:12
INJECTED from src/main/AndroidManifest.xml:2:1-13:12
INJECTED from src/main/AndroidManifest.xml:2:1-13:12
	package
		ADDED from src/main/AndroidManifest.xml:3:5-33
		INJECTED from src/main/AndroidManifest.xml
		INJECTED from src/main/AndroidManifest.xml
	android:versionName
		ADDED from src/main/AndroidManifest.xml:5:5-30
		INJECTED from src/main/AndroidManifest.xml
		INJECTED from src/main/AndroidManifest.xml
	xmlns:android
		ADDED from src/main/AndroidManifest.xml:2:11-69
	android:versionCode
		ADDED from src/main/AndroidManifest.xml:4:5-28
		INJECTED from src/main/AndroidManifest.xml
		INJECTED from src/main/AndroidManifest.xml
uses-sdk
ADDED from src/main/AndroidManifest.xml:7:9-9:41
INJECTED from src/main/AndroidManifest.xml:7:9-9:41
INJECTED from src/main/AndroidManifest.xml:7:9-9:41
INJECTED from src/main/AndroidManifest.xml:7:9-9:41
INJECTED from src/main/AndroidManifest.xml:7:9-9:41
	android:targetSdkVersion
		ADDED from src/main/AndroidManifest.xml:9:9-38
		INJECTED from src/main/AndroidManifest.xml
		INJECTED from src/main/AndroidManifest.xml
	android:minSdkVersion
		ADDED from src/main/AndroidManifest.xml:8:9-34
		INJECTED from src/main/AndroidManifest.xml
		INJECTED from src/main/AndroidManifest.xml
application
ADDED from src/main/AndroidManifest.xml:11:5-20